<?xml version="1.0" encoding="UTF-8"?>
<!-- Generated by org.testng.reporters.JUnitXMLReporter -->
<testsuite hostname="ASDP1745PO02529" ignored="0" name="Default test" tests="4" failures="0" timestamp="05 Sep 2017 05:23:24 GMT" time="29.255" errors="0">
  <testcase name="hover_on_menu2_and_click_goNext" time="1.781" classname="com.qait.Tatoc.ADVANCEDTATOC"/>
  <testcase name="use_mysql_and_proceed" time="2.774" classname="com.qait.Tatoc.ADVANCEDTATOC"/>
  <testcase name="use_rest_api_to_generate_token" time="9.167" classname="com.qait.Tatoc.ADVANCEDTATOC"/>
  <testcase name="download_file_and_enter_signature_and_proceed" time="12.803" classname="com.qait.Tatoc.ADVANCEDTATOC"/>
</testsuite> <!-- Default test -->
