<?xml version="1.0" encoding="UTF-8"?>
<!-- Generated by org.testng.reporters.JUnitXMLReporter -->
<testsuite hostname="ASDP1745PO02529" ignored="0" name="Login" tests="5" failures="0" timestamp="12 Sep 2017 10:34:15 GMT" time="40.523" errors="0">
  <testcase name="hover_on_menu2_and_click_goNext" time="11.782" classname="com.qait.Tatoc.ADVANCEDTATOC"/>
  <testcase name="use_mysql_and_proceed" time="6.489" classname="com.qait.Tatoc.ADVANCEDTATOC"/>
  <testcase name="use_rest_api_to_generate_token" time="7.151" classname="com.qait.Tatoc.ADVANCEDTATOC"/>
  <testcase name="download_file_and_enter_signature_and_proceed" time="12.428" classname="com.qait.Tatoc.ADVANCEDTATOC"/>
  <testcase name="go" time="0.005" classname="com.qait.Tatoc.ADVANCEDTATOC"/>
</testsuite> <!-- Login -->
